<?xml version="1.0" encoding="UTF-8"?>
<robot generator="Robot 7.1.1 (Python 3.12.2 on win32)" generated="2024-11-09T10:16:10.056883" rpa="false" schemaversion="5">
<suite id="s1" name="Testfile" source="d:\Test\Automation\TEST\Testfile.robot">
<test id="s1-t1" name="Open Browser Example" line="22">
<kw name="Launch Browser" owner="Autofuntion">
<msg time="2024-11-09T10:16:29.827007" level="INFO">Khoi dong trinh duyet va clear cache oki</msg>
<arg>${url}</arg>
<status status="PASS" start="2024-11-09T10:16:19.682359" elapsed="10.148648"/>
</kw>
<kw name="Login" owner="Autofuntion">
<msg time="2024-11-09T10:16:29.833007" level="INFO">Start funtion login</msg>
<msg time="2024-11-09T10:16:35.377688" level="INFO">click() btn_login</msg>
<msg time="2024-11-09T10:16:35.378687" level="INFO">Verify login thanh công hay chưa</msg>
<msg time="2024-11-09T10:16:35.645687" level="INFO">Login Unsuccessfully, please check again</msg>
<msg time="2024-11-09T10:16:40.646454" level="INFO">Function login successfully</msg>
<arg>user@example.com</arg>
<arg>123456789</arg>
<status status="PASS" start="2024-11-09T10:16:29.832008" elapsed="10.814446"/>
</kw>
<kw name="Add Products To Cart" owner="Autofuntion">
<msg time="2024-11-09T10:16:40.647456" level="INFO">Start function add_products_to_cart</msg>
<msg time="2024-11-09T10:16:40.768458" level="INFO">Found element with text: SHOP ALL, clicking...</msg>
<msg time="2024-11-09T10:16:40.841456" level="INFO">Clicked on SHOP ALL</msg>
<msg time="2024-11-09T10:16:40.842458" level="INFO">Start function choose_products</msg>
<msg time="2024-11-09T10:16:40.842458" level="INFO">range: 0</msg>
<msg time="2024-11-09T10:16:41.522584" level="INFO">Product matches: HADES LOVELESS STRIPED SHIRT</msg>
<msg time="2024-11-09T10:16:41.534582" level="INFO">Product matches: execute_script</msg>
<msg time="2024-11-09T10:16:51.568585" level="INFO">Start function add_to_cart</msg>
<msg time="2024-11-09T10:17:11.844506" level="INFO">Clicked 'Add to Cart' button successfully.</msg>
<msg time="2024-11-09T10:17:11.845504" level="INFO">Start function verify_products_in_shopping_cart</msg>
<msg time="2024-11-09T10:17:21.871139" level="INFO">Không tìm thấy phần tử với text GIỎ HÀNG, sẽ click vào GIỎ HÀNG qua XPATH_CART</msg>
<msg time="2024-11-09T10:17:21.872137" level="INFO">Tiếp tục với các bước xử lý sau khi thêm vào giỏ hàng</msg>
<msg time="2024-11-09T10:17:22.162364" level="INFO">click xpath_cart oki</msg>
<msg time="2024-11-09T10:17:22.162364" level="INFO">Verify name product in shopping cart</msg>
<msg time="2024-11-09T10:17:22.200362" level="INFO">name_product 123 : HADES LOVELESS STRIPED SHIRT</msg>
<msg time="2024-11-09T10:17:22.211363" level="INFO">shop_all_elements 123 : HADES LOVELESS STRIPED SHIRT</msg>
<msg time="2024-11-09T10:17:22.225361" level="INFO">Found element with text: HADES LOVELESS STRIPED SHIRT</msg>
<msg time="2024-11-09T10:17:22.226363" level="INFO">Function verify_products_in_shopping_cart successfully</msg>
<msg time="2024-11-09T10:17:22.226363" level="INFO">Start function visit_the_cart</msg>
<msg time="2024-11-09T10:17:32.237077" level="INFO">Mở trang xem giỏ hàng</msg>
<msg time="2024-11-09T10:17:32.430116" level="INFO">click xpaXEM GIỎ HÀNG oki</msg>
<msg time="2024-11-09T10:17:32.430116" level="INFO">Start function verify_name_product_in_my_cart</msg>
<msg time="2024-11-09T10:17:42.444913" level="INFO">Đã tìm thấy sản phẩm cần tìm trong Giỏ hàng của bạn</msg>
<msg time="2024-11-09T10:17:42.464903" level="INFO">Product HADES LOVELESS STRIPED SHIRT exits in my cart</msg>
<msg time="2024-11-09T10:17:42.465913" level="INFO">Start function verify_prices_product_in_my_cart</msg>
<msg time="2024-11-09T10:17:52.466871" level="INFO">name_product_in_my_cart: //h6[text()='HADES LOVELESS STRIPED SHIRT']</msg>
<msg time="2024-11-09T10:17:52.488873" level="INFO">name_product_in_my_cart: &lt;selenium.webdriver.remote.webelement.WebElement (session="349af5850c88c7230a278dc1467e55ce", element="f.00425CB2ADFD15CE3D2E032F7B5BB655.d.EDFCDC1544FADCAE00D227EF2ED1DD13.e.132")&gt;</msg>
<msg time="2024-11-09T10:17:52.489875" level="INFO">price_product product 123: //h6[text()='HADES LOVELESS STRIPED SHIRT']/../..//div[@class= 'col-2 text-center align-self-center']/p[@_ngcontent-ng-c1369544179]</msg>
<msg time="2024-11-09T10:17:52.521872" level="INFO">price_product product &lt;selenium.webdriver.remote.webelement.WebElement (session="349af5850c88c7230a278dc1467e55ce", element="f.00425CB2ADFD15CE3D2E032F7B5BB655.d.EDFCDC1544FADCAE00D227EF2ED1DD13.e.132")&gt; is : 520000 and type is &lt;class 'int'&gt;</msg>
<msg time="2024-11-09T10:17:52.522874" level="INFO">quantity_product 123: //h6[text()='HADES LOVELESS STRIPED SHIRT']/../..//input[@aria-valuenow]</msg>
<msg time="2024-11-09T10:17:52.682024" level="INFO">type number quantity: &lt;class 'NoneType'&gt;</msg>
<msg time="2024-11-09T10:17:52.683022" level="INFO">number_quantity product &lt;selenium.webdriver.remote.webelement.WebElement (session="349af5850c88c7230a278dc1467e55ce", element="f.00425CB2ADFD15CE3D2E032F7B5BB655.d.EDFCDC1544FADCAE00D227EF2ED1DD13.e.132")&gt; is : None and type is &lt;class 'NoneType'&gt;</msg>
<msg time="2024-11-09T10:17:52.683022" level="INFO">TONG_TIEN 123: //h6[@class='me=0']</msg>
<msg time="2024-11-09T10:17:57.707381" level="INFO">total_amount: 1040000 AND type_total_amount is &lt;class 'int'&gt;</msg>
<msg time="2024-11-09T10:17:57.708392" level="INFO">int(price_product): 520000 * int(number_quantity): 2 == int(total_amount) 1040000 is: 1040000</msg>
<msg time="2024-11-09T10:17:57.708392" level="INFO">Total amount is {total_amount} = prices * quantity</msg>
<msg time="2024-11-09T10:17:57.708392" level="INFO">verify_prices_product_in_my_cart successfully</msg>
<msg time="2024-11-09T10:17:57.708392" level="INFO">Start function checkout</msg>
<msg time="2024-11-09T10:18:07.750452" level="INFO">btn thanh toán :  THANH TOÁN</msg>
<msg time="2024-11-09T10:18:07.788320" level="INFO">start clcik button Thanh toán</msg>
<msg time="2024-11-09T10:18:07.789320" level="INFO">Clicked = JS</msg>
<msg time="2024-11-09T10:18:07.843312" level="INFO">Clicked on the checkout button</msg>
<msg time="2024-11-09T10:18:07.844323" level="INFO">Đã tìm thấy phần tử với text GIỎ HÀNG
//h6[text()='HADES LOVELESS STRIPED SHIRT']
//h6[text()='HADES LOVELESS STRIPED SHIRT']</msg>
<arg>${name_product}</arg>
<arg>${quantity}</arg>
<status status="PASS" start="2024-11-09T10:16:40.647456" elapsed="87.196867"/>
</kw>
<kw name="Fill Checkout Form" owner="Autofuntion">
<msg time="2024-11-09T10:18:07.845322" level="INFO">Start filling checkout form</msg>
<msg time="2024-11-09T10:18:13.380403" level="INFO">Start filling check_option_province_ward_city</msg>
<msg time="2024-11-09T10:18:19.098827" level="INFO">Start choose province</msg>
<msg time="2024-11-09T10:18:19.099829" level="INFO">Clicked options_tinh_thanh</msg>
<msg time="2024-11-09T10:18:19.111824" level="INFO">options_tinh_thanh: 'An Giang' </msg>
<msg time="2024-11-09T10:18:19.111824" level="INFO">tinh_thanh: 'An Giang' </msg>
<msg time="2024-11-09T10:18:29.319267" level="INFO">Clicked quan_huyen</msg>
<msg time="2024-11-09T10:18:32.359853" level="INFO">range time ward_options 0</msg>
<msg time="2024-11-09T10:18:34.431088" level="INFO">range time ward_options 1</msg>
<msg time="2024-11-09T10:18:36.496070" level="INFO">range time ward_options 2</msg>
<msg time="2024-11-09T10:18:38.576257" level="INFO">range time ward_options 3</msg>
<msg time="2024-11-09T10:18:40.643982" level="INFO">range time ward_options 4</msg>
<msg time="2024-11-09T10:18:42.698782" level="INFO">Start choose district</msg>
<msg time="2024-11-09T10:18:47.711366" level="INFO">options_quanhuyen: 'Chọn quận / huyện' </msg>
<msg time="2024-11-09T10:18:47.711366" level="INFO">quan huyen: 'Châu Đốc' </msg>
<msg time="2024-11-09T10:18:47.809353" level="INFO">Clicked phuong_xa_field</msg>
<msg time="2024-11-09T10:18:51.858351" level="INFO">start Clicked 'Hoàn tất đơn hàng' button</msg>
<msg time="2024-11-09T10:18:54.878193" level="INFO">range time ward_options 0</msg>
<msg time="2024-11-09T10:18:59.974887" level="INFO">range time ward_options 1</msg>
<msg time="2024-11-09T10:19:05.110496" level="INFO">range time ward_options 2</msg>
<msg time="2024-11-09T10:19:10.193352" level="INFO">range time ward_options 3</msg>
<msg time="2024-11-09T10:19:15.297176" level="INFO">range time ward_options 4</msg>
<msg time="2024-11-09T10:19:20.418320" level="INFO">Start choose ward</msg>
<msg time="2024-11-09T10:19:25.429081" level="INFO">options_phuong xa: 'Chọn phường / xã' </msg>
<msg time="2024-11-09T10:19:25.430080" level="INFO">phuong xa: 'Châu Phú A' </msg>
<msg time="2024-11-09T10:19:30.442359" level="INFO">Start filling confirm_order</msg>
<msg time="2024-11-09T10:19:33.471617" level="INFO">start Clicked 'Hoàn tất đơn hàng' button</msg>
<msg time="2024-11-09T10:19:36.505086" level="INFO">Clicked 'Hoàn tất đơn hàng' button successfully</msg>
<msg time="2024-11-09T10:19:41.506723" level="INFO">Function fill_checkout_form successfully</msg>
<arg>${user_name}</arg>
<arg>${mail}</arg>
<arg>${number}</arg>
<arg>${address}</arg>
<arg>${province}</arg>
<arg>${district}</arg>
<arg>${ward}</arg>
<status status="PASS" start="2024-11-09T10:18:07.845322" elapsed="93.662401"/>
</kw>
<kw name="Verify Order In My Account" owner="Autofuntion">
<msg time="2024-11-09T10:19:41.508725" level="INFO">Verify verify_order_in_my_account</msg>
<msg time="2024-11-09T10:20:01.876840" level="INFO">Curent date is : 2024-11-09</msg>
<msg time="2024-11-09T10:20:01.998792" level="INFO">date_in_order is : 09-11-2024 10:19 AM, date_only: 09-11-2024</msg>
<msg time="2024-11-09T10:20:01.999495" level="INFO">Curent date 2 is : 09-11-2024 type: &lt;class 'str'&gt;</msg>
<msg time="2024-11-09T10:20:02.061240" level="INFO">user_in_order is : "abc" type &lt;class 'str'&gt;</msg>
<msg time="2024-11-09T10:20:02.088352" level="INFO">phone_number_in_order is : "0122343434" type 0122343434</msg>
<msg time="2024-11-09T10:20:02.116571" level="INFO">address_create_in_order is : "11 au co, undefined" type 11 au co, undefined</msg>
<msg time="2024-11-09T10:20:02.153797" level="INFO">total_amount_in_order is : "1070000" type 1070000 </msg>
<msg time="2024-11-09T10:20:02.154798" level="INFO">full_address is : "11 au co, Phường Châu Phú A, Thành phố Châu Đốc, Tỉnh An Giang" </msg>
<msg time="2024-11-09T10:20:02.154798" level="INFO">Start verify information in My account</msg>
<msg time="2024-11-09T10:20:02.154798" level="INFO">Check date_only "09-11-2024" and &lt;class 'str'&gt; </msg>
<msg time="2024-11-09T10:20:02.154798" level="INFO">Check total_amount_in_order "1070000" and &lt;class 'str'&gt; </msg>
<msg time="2024-11-09T10:20:02.154798" level="INFO">Check price "1070000" and &lt;class 'str'&gt; </msg>
<msg time="2024-11-09T10:20:02.155799" level="ERROR">NOT matched information, verify_order_in_my_account Unsuccessfully </msg>
<arg>${user_name}</arg>
<arg>${number}</arg>
<arg>${address}</arg>
<arg>${ward}</arg>
<arg>${district}</arg>
<arg>${province}</arg>
<arg>${price}</arg>
<status status="PASS" start="2024-11-09T10:19:41.508725" elapsed="20.672729"/>
</kw>
<kw name="Close Browser" owner="Autofuntion">
<status status="PASS" start="2024-11-09T10:20:02.182452" elapsed="2.273141"/>
</kw>
<status status="PASS" start="2024-11-09T10:16:19.681265" elapsed="224.775478"/>
</test>
<status status="PASS" start="2024-11-09T10:16:10.066883" elapsed="238.490970"/>
</suite>
<statistics>
<total>
<stat pass="1" fail="0" skip="0">All Tests</stat>
</total>
<tag>
</tag>
<suite>
<stat pass="1" fail="0" skip="0" id="s1" name="Testfile">Testfile</stat>
</suite>
</statistics>
<errors>
<msg time="2024-11-09T10:20:02.155799" level="ERROR">NOT matched information, verify_order_in_my_account Unsuccessfully </msg>
</errors>
</robot>
